[2026-07-09T08:41:35.212139+00:00] [INFO] Heartbeat acknowledged
[2026-07-09T08:41:40.201001+00:00] [INFO] Heartbeat acknowledged
[2026-07-09T08:41:45.198839+00:00] [INFO] Heartbeat acknowledged
[2026-07-09T08:41:50.208228+00:00] [INFO] Heartbeat acknowledged
[2026-07-09T08:41:55.210809+00:00] [INFO] Heartbeat acknowledged
[2026-07-09T08:42:00.208202+00:00] [INFO] Heartbeat acknowledged
[2026-07-09T08:42:05.207364+00:00] [INFO] Heartbeat acknowledged
[2026-07-09T08:42:10.208594+00:00] [INFO] Heartbeat acknowledged
[2026-07-09T08:42:15.213186+00:00] [INFO] Heartbeat acknowledged
[2026-07-09T08:42:20.200964+00:00] [INFO] Heartbeat acknowledged
[2026-07-09T08:42:25.202277+00:00] [INFO] Heartbeat acknowledged
[2026-07-09T08:42:30.214166+00:00] [INFO] Heartbeat acknowledged
[2026-07-09T08:42:35.213183+00:00] [INFO] Heartbeat acknowledged
[2026-07-09T08:42:40.208383+00:00] [INFO] Heartbeat acknowledged
[2026-07-09T08:42:45.211240+00:00] [INFO] Heartbeat acknowledged
[2026-07-09T08:42:50.207466+00:00] [INFO] Heartbeat acknowledged
[2026-07-09T08:42:54.418278+00:00] [INFO] Updated meeting metadata in meeting.json
[2026-07-09T08:42:54.419050+00:00] [INFO] Meeting metadata action: INIT
[2026-07-09T08:42:55.146645+00:00] [INFO] Event ingested: PARTICIPANTS_LIST
[2026-07-09T08:42:55.204017+00:00] [INFO] Heartbeat acknowledged
[2026-07-09T08:42:56.144815+00:00] [INFO] Event ingested: PARTICIPANTS_LIST
[2026-07-09T08:42:57.144959+00:00] [INFO] Event ingested: PARTICIPANTS_LIST
[2026-07-09T08:42:58.147005+00:00] [INFO] Event ingested: PARTICIPANTS_LIST
[2026-07-09T08:42:59.143972+00:00] [INFO] Event ingested: PARTICIPANTS_LIST
[2026-07-09T08:43:00.146735+00:00] [INFO] Event ingested: PARTICIPANTS_LIST
[2026-07-09T08:43:00.205373+00:00] [INFO] Heartbeat acknowledged
[2026-07-09T08:43:01.147265+00:00] [INFO] Event ingested: PARTICIPANTS_LIST
[2026-07-09T08:43:02.146566+00:00] [INFO] Event ingested: PARTICIPANTS_LIST
[2026-07-09T08:43:05.143806+00:00] [INFO] Event ingested: PARTICIPANTS_LIST
[2026-07-09T08:43:05.207883+00:00] [INFO] Heartbeat acknowledged
[2026-07-09T08:43:06.236851+00:00] [INFO] Event ingested: PARTICIPANTS_LIST
[2026-07-09T08:43:07.237871+00:00] [INFO] Event ingested: PARTICIPANTS_LIST
[2026-07-09T08:43:08.144307+00:00] [INFO] Event ingested: PARTICIPANTS_LIST
[2026-07-09T08:43:09.145833+00:00] [INFO] Event ingested: PARTICIPANTS_LIST
[2026-07-09T08:43:10.146679+00:00] [INFO] Event ingested: PARTICIPANTS_LIST
[2026-07-09T08:43:10.201335+00:00] [INFO] Heartbeat acknowledged
[2026-07-09T08:43:11.145200+00:00] [INFO] Event ingested: PARTICIPANTS_LIST
[2026-07-09T08:43:12.144563+00:00] [INFO] Event ingested: PARTICIPANTS_LIST
[2026-07-09T08:43:13.146860+00:00] [INFO] Event ingested: PARTICIPANTS_LIST
[2026-07-09T08:43:14.144900+00:00] [INFO] Event ingested: PARTICIPANTS_LIST
[2026-07-09T08:43:15.213179+00:00] [INFO] Heartbeat acknowledged
[2026-07-09T08:43:17.144759+00:00] [INFO] Event ingested: PARTICIPANTS_LIST
[2026-07-09T08:43:18.145600+00:00] [INFO] Event ingested: PARTICIPANTS_LIST
[2026-07-09T08:43:19.147299+00:00] [INFO] Event ingested: PARTICIPANTS_LIST
[2026-07-09T08:43:20.144364+00:00] [INFO] Event ingested: PARTICIPANTS_LIST
[2026-07-09T08:43:20.204478+00:00] [INFO] Heartbeat acknowledged
[2026-07-09T08:43:21.146414+00:00] [INFO] Event ingested: PARTICIPANTS_LIST
[2026-07-09T08:43:22.146613+00:00] [INFO] Event ingested: PARTICIPANTS_LIST
[2026-07-09T08:43:23.144469+00:00] [INFO] Event ingested: PARTICIPANTS_LIST
[2026-07-09T08:43:24.235369+00:00] [INFO] Event ingested: PARTICIPANTS_LIST
[2026-07-09T08:43:25.208844+00:00] [INFO] Heartbeat acknowledged
[2026-07-09T08:43:25.655690+00:00] [INFO] Event ingested: PARTICIPANT_JOIN
[2026-07-09T08:43:25.657152+00:00] [INFO] Event ingested: PARTICIPANTS_LIST
[2026-07-09T08:43:25.827738+00:00] [INFO] Event ingested: PARTICIPANTS_LIST
[2026-07-09T08:43:26.144395+00:00] [INFO] Event ingested: PARTICIPANTS_LIST
[2026-07-09T08:43:26.666350+00:00] [INFO] Event ingested: PARTICIPANTS_LIST
[2026-07-09T08:43:27.148089+00:00] [INFO] Event ingested: PARTICIPANTS_LIST
[2026-07-09T08:43:28.146216+00:00] [INFO] Event ingested: PARTICIPANTS_LIST
[2026-07-09T08:43:29.144720+00:00] [INFO] Event ingested: PARTICIPANTS_LIST
[2026-07-09T08:43:30.145680+00:00] [INFO] Event ingested: PARTICIPANTS_LIST
[2026-07-09T08:43:30.201410+00:00] [INFO] Heartbeat acknowledged
[2026-07-09T08:43:31.146586+00:00] [INFO] Event ingested: PARTICIPANTS_LIST
[2026-07-09T08:43:32.148394+00:00] [INFO] Event ingested: PARTICIPANTS_LIST
[2026-07-09T08:43:32.149916+00:00] [INFO] Event ingested: PARTICIPANTS_LIST
[2026-07-09T08:43:33.150635+00:00] [INFO] Event ingested: PARTICIPANTS_LIST
[2026-07-09T08:43:34.150746+00:00] [INFO] Event ingested: PARTICIPANTS_LIST
[2026-07-09T08:43:35.144472+00:00] [INFO] Event ingested: PARTICIPANTS_LIST
[2026-07-09T08:43:35.213581+00:00] [INFO] Heartbeat acknowledged
[2026-07-09T08:43:36.146831+00:00] [INFO] Event ingested: PARTICIPANTS_LIST
[2026-07-09T08:43:37.237094+00:00] [INFO] Event ingested: PARTICIPANTS_LIST
[2026-07-09T08:43:38.145638+00:00] [INFO] Event ingested: PARTICIPANTS_LIST
[2026-07-09T08:43:39.145589+00:00] [INFO] Event ingested: PARTICIPANTS_LIST
[2026-07-09T08:43:40.145454+00:00] [INFO] Event ingested: PARTICIPANTS_LIST
[2026-07-09T08:43:40.211458+00:00] [INFO] Heartbeat acknowledged
[2026-07-09T08:43:41.143764+00:00] [INFO] Event ingested: PARTICIPANTS_LIST
[2026-07-09T08:43:42.144096+00:00] [INFO] Event ingested: PARTICIPANTS_LIST
[2026-07-09T08:43:43.147888+00:00] [INFO] Event ingested: PARTICIPANTS_LIST
[2026-07-09T08:43:44.144939+00:00] [INFO] Event ingested: PARTICIPANTS_LIST
[2026-07-09T08:43:45.146469+00:00] [INFO] Event ingested: PARTICIPANTS_LIST
[2026-07-09T08:43:45.206169+00:00] [INFO] Heartbeat acknowledged
[2026-07-09T08:43:46.147149+00:00] [INFO] Event ingested: PARTICIPANTS_LIST
[2026-07-09T08:43:47.143760+00:00] [INFO] Event ingested: PARTICIPANTS_LIST
[2026-07-09T08:43:48.144115+00:00] [INFO] Event ingested: PARTICIPANTS_LIST
[2026-07-09T08:43:49.145534+00:00] [INFO] Event ingested: PARTICIPANTS_LIST
[2026-07-09T08:43:50.145788+00:00] [INFO] Event ingested: PARTICIPANTS_LIST
[2026-07-09T08:43:50.213730+00:00] [INFO] Heartbeat acknowledged
[2026-07-09T08:43:53.144153+00:00] [INFO] Event ingested: PARTICIPANTS_LIST
[2026-07-09T08:43:54.725252+00:00] [INFO] Event ingested: PARTICIPANTS_LIST
[2026-07-09T08:43:55.214436+00:00] [INFO] Heartbeat acknowledged
[2026-07-09T08:43:55.730120+00:00] [INFO] Event ingested: PARTICIPANTS_LIST
[2026-07-09T08:43:56.145114+00:00] [INFO] Event ingested: PARTICIPANTS_LIST
[2026-07-09T08:43:57.152234+00:00] [INFO] Event ingested: PARTICIPANTS_LIST
[2026-07-09T08:43:58.159033+00:00] [INFO] Event ingested: PARTICIPANTS_LIST
[2026-07-09T08:43:59.149309+00:00] [INFO] Event ingested: PARTICIPANTS_LIST
[2026-07-09T08:43:59.151652+00:00] [INFO] Event ingested: PARTICIPANTS_LIST
[2026-07-09T08:44:00.152661+00:00] [INFO] Event ingested: PARTICIPANTS_LIST
[2026-07-09T08:44:00.210861+00:00] [INFO] Heartbeat acknowledged
[2026-07-09T08:45:13.343390+00:00] [ERROR] Error handling WebSocket client: Cannot call "receive" once a disconnect message has been received.
[2026-07-09T08:45:44.183756+00:00] [INFO] Updated meeting metadata in meeting.json
[2026-07-09T08:45:44.184555+00:00] [INFO] Meeting metadata action: INIT
[2026-07-09T08:45:44.302684+00:00] [INFO] Heartbeat acknowledged
[2026-07-09T08:45:49.295935+00:00] [INFO] Heartbeat acknowledged
[2026-07-09T08:45:54.298975+00:00] [INFO] Heartbeat acknowledged
[2026-07-09T08:45:59.305185+00:00] [INFO] Heartbeat acknowledged
[2026-07-09T08:46:04.301033+00:00] [INFO] Heartbeat acknowledged
[2026-07-09T08:46:09.303164+00:00] [INFO] Heartbeat acknowledged
[2026-07-09T08:46:14.303422+00:00] [INFO] Heartbeat acknowledged
[2026-07-09T08:46:19.305847+00:00] [INFO] Heartbeat acknowledged
[2026-07-09T08:46:24.298700+00:00] [INFO] Heartbeat acknowledged
[2026-07-09T08:46:29.306253+00:00] [INFO] Heartbeat acknowledged
[2026-07-09T08:46:34.299808+00:00] [INFO] Heartbeat acknowledged
[2026-07-09T08:46:39.303891+00:00] [INFO] Heartbeat acknowledged
[2026-07-09T08:46:44.310437+00:00] [INFO] Heartbeat acknowledged
[2026-07-09T08:46:49.301200+00:00] [INFO] Heartbeat acknowledged
[2026-07-09T08:46:54.307786+00:00] [INFO] Heartbeat acknowledged
[2026-07-09T08:46:59.303224+00:00] [INFO] Heartbeat acknowledged
[2026-07-09T08:47:04.297891+00:00] [INFO] Heartbeat acknowledged
[2026-07-09T08:47:09.307374+00:00] [INFO] Heartbeat acknowledged
[2026-07-09T08:47:14.302509+00:00] [INFO] Heartbeat acknowledged
[2026-07-09T08:47:19.297203+00:00] [INFO] Heartbeat acknowledged
[2026-07-09T08:47:24.308918+00:00] [INFO] Heartbeat acknowledged
[2026-07-09T08:47:29.309913+00:00] [INFO] Heartbeat acknowledged
[2026-07-09T08:47:34.310060+00:00] [INFO] Heartbeat acknowledged
[2026-07-09T08:47:39.303547+00:00] [INFO] Heartbeat acknowledged
[2026-07-09T08:47:44.296715+00:00] [INFO] Heartbeat acknowledged
[2026-07-09T08:47:46.522257+00:00] [INFO] Updated meeting metadata in meeting.json
[2026-07-09T08:47:46.523661+00:00] [INFO] Meeting metadata action: STOP
[2026-07-09T08:47:49.296992+00:00] [INFO] Heartbeat acknowledged
[2026-07-09T08:47:53.716129+00:00] [ERROR] Error handling WebSocket client: Cannot call "receive" once a disconnect message has been received.
